FuelMart/app/build/intermediates/manifest_merge_blame_file/debug/manifest-merger-blame-debug-report.txt
1<?xml version="1.0" encoding="utf-8"?>
2<manifest xmlns:android="http://schemas.android.com/apk/res/android"
3    package="com.ead.fuelmart"
4    android:versionCode="1"
5    android:versionName="1.0" >
6
7    <uses-sdk
8        android:minSdkVersion="21"
8-->src\main\AndroidManifest.xml
9        android:targetSdkVersion="32" />
9-->src\main\AndroidManifest.xml
10
11    <uses-permission android:name="android.permission.INTERNET" />
11-->src\main\AndroidManifest.xml:5:5-67
11-->src\main\AndroidManifest.xml:5:22-64
12
13    <application
13-->src\main\AndroidManifest.xml:7:5-92:19
14        android:allowBackup="true"
14-->src\main\AndroidManifest.xml:8:9-35
15        android:appComponentFactory="androidx.core.app.CoreComponentFactory"
15-->[androidx.core:core:1.8.0] AndroidManifest.xml:24:18-86
16        android:dataExtractionRules="@xml/data_extraction_rules"
16-->src\main\AndroidManifest.xml:9:9-65
17        android:debuggable="true"
18        android:fullBackupContent="@xml/backup_rules"
18-->src\main\AndroidManifest.xml:10:9-54
19        android:icon="@mipmap/ic_launcher"
19-->src\main\AndroidManifest.xml:11:9-43
20        android:label="@string/app_name"
20-->src\main\AndroidManifest.xml:12:9-41
21        android:networkSecurityConfig="@xml/network_security_config"
21-->src\main\AndroidManifest.xml:16:9-69
22        android:roundIcon="@mipmap/ic_launcher_round"
22-->src\main\AndroidManifest.xml:13:9-54
23        android:supportsRtl="true"
23-->src\main\AndroidManifest.xml:14:9-35
24        android:testOnly="true"
25        android:theme="@style/Theme.FuelMart"
25-->src\main\AndroidManifest.xml:15:9-46
26        android:usesCleartextTraffic="true" >
26-->src\main\AndroidManifest.xml:17:9-44
27        <activity
27-->src\main\AndroidManifest.xml:19:9-25:20
28            android:name="com.ead.fuelmart.AdminSignUpActivity"
28-->src\main\AndroidManifest.xml:20:13-48
29            android:exported="false" >
29-->src\main\AndroidManifest.xml:21:13-37
30            <meta-data
30-->src\main\AndroidManifest.xml:22:13-24:36
31                android:name="android.app.lib_name"
31-->src\main\AndroidManifest.xml:23:17-52
32                android:value="" />
32-->src\main\AndroidManifest.xml:24:17-33
33        </activity>
34        <activity
34-->src\main\AndroidManifest.xml:26:9-32:20
35            android:name="com.ead.fuelmart.DetailsPage"
35-->src\main\AndroidManifest.xml:27:13-40
36            android:exported="false" >
36-->src\main\AndroidManifest.xml:28:13-37
37            <meta-data
37-->src\main\AndroidManifest.xml:22:13-24:36
38                android:name="android.app.lib_name"
38-->src\main\AndroidManifest.xml:23:17-52
39                android:value="" />
39-->src\main\AndroidManifest.xml:24:17-33
40        </activity>
41        <activity
41-->src\main\AndroidManifest.xml:33:9-39:20
42            android:name="com.ead.fuelmart.PumpVolume"
42-->src\main\AndroidManifest.xml:34:13-39
43            android:exported="false" >
43-->src\main\AndroidManifest.xml:35:13-37
44            <meta-data
44-->src\main\AndroidManifest.xml:22:13-24:36
45                android:name="android.app.lib_name"
45-->src\main\AndroidManifest.xml:23:17-52
46                android:value="" />
46-->src\main\AndroidManifest.xml:24:17-33
47        </activity>
48        <activity
48-->src\main\AndroidManifest.xml:40:9-46:20
49            android:name="com.ead.fuelmart.FullOrExit"
49-->src\main\AndroidManifest.xml:41:13-39
50            android:exported="false" >
50-->src\main\AndroidManifest.xml:42:13-37
51            <meta-data
51-->src\main\AndroidManifest.xml:22:13-24:36
52                android:name="android.app.lib_name"
52-->src\main\AndroidManifest.xml:23:17-52
53                android:value="" />
53-->src\main\AndroidManifest.xml:24:17-33
54        </activity>
55        <activity
55-->src\main\AndroidManifest.xml:47:9-53:20
56            android:name="com.ead.fuelmart.SignInActivity"
56-->src\main\AndroidManifest.xml:48:13-43
57            android:exported="false" >
57-->src\main\AndroidManifest.xml:49:13-37
58            <meta-data
58-->src\main\AndroidManifest.xml:22:13-24:36
59                android:name="android.app.lib_name"
59-->src\main\AndroidManifest.xml:23:17-52
60                android:value="" />
60-->src\main\AndroidManifest.xml:24:17-33
61        </activity>
62        <activity
62-->src\main\AndroidManifest.xml:54:9-60:20
63            android:name="com.ead.fuelmart.AdminSignInActivity"
63-->src\main\AndroidManifest.xml:55:13-48
64            android:exported="false" >
64-->src\main\AndroidManifest.xml:56:13-37
65            <meta-data
65-->src\main\AndroidManifest.xml:22:13-24:36
66                android:name="android.app.lib_name"
66-->src\main\AndroidManifest.xml:23:17-52
67                android:value="" />
67-->src\main\AndroidManifest.xml:24:17-33
68        </activity>
69        <activity
69-->src\main\AndroidManifest.xml:61:9-67:20
70            android:name="com.ead.fuelmart.FilterPage"
70-->src\main\AndroidManifest.xml:62:13-39
71            android:exported="false" >
71-->src\main\AndroidManifest.xml:63:13-37
72            <meta-data
72-->src\main\AndroidManifest.xml:22:13-24:36
73                android:name="android.app.lib_name"
73-->src\main\AndroidManifest.xml:23:17-52
74                android:value="" />
74-->src\main\AndroidManifest.xml:24:17-33
75        </activity>
76        <activity
76-->src\main\AndroidManifest.xml:68:9-76:20
77            android:name="com.ead.fuelmart.SignUpActivity"
77-->src\main\AndroidManifest.xml:69:13-43
78            android:exported="false"
78-->src\main\AndroidManifest.xml:70:13-37
79            android:label="@string/title_activity_sign_up"
79-->src\main\AndroidManifest.xml:71:13-59
80            android:theme="@style/Theme.FuelMart.NoActionBar" >
80-->src\main\AndroidManifest.xml:72:13-62
81            <meta-data
81-->src\main\AndroidManifest.xml:22:13-24:36
82                android:name="android.app.lib_name"
82-->src\main\AndroidManifest.xml:23:17-52
83                android:value="" />
83-->src\main\AndroidManifest.xml:24:17-33
84        </activity>
85        <activity
85-->src\main\AndroidManifest.xml:77:9-91:20
86            android:name="com.ead.fuelmart.MainActivity"
86-->src\main\AndroidManifest.xml:78:13-41
87            android:exported="true"
87-->src\main\AndroidManifest.xml:79:13-36
88            android:label="@string/app_name"
88-->src\main\AndroidManifest.xml:80:13-45
89            android:theme="@style/Theme.FuelMart.NoActionBar" >
89-->src\main\AndroidManifest.xml:81:13-62
90            <intent-filter>
90-->src\main\AndroidManifest.xml:82:13-86:29
91                <action android:name="android.intent.action.MAIN" />
91-->src\main\AndroidManifest.xml:83:17-69
91-->src\main\AndroidManifest.xml:83:25-66
92
93                <category android:name="android.intent.category.LAUNCHER" />
93-->src\main\AndroidManifest.xml:85:17-77
93-->src\main\AndroidManifest.xml:85:27-74
94            </intent-filter>
95
96            <meta-data
96-->src\main\AndroidManifest.xml:22:13-24:36
97                android:name="android.app.lib_name"
97-->src\main\AndroidManifest.xml:23:17-52
98                android:value="" />
98-->src\main\AndroidManifest.xml:24:17-33
99        </activity>
100
101        <provider
101-->[androidx.emoji2:emoji2:1.2.0] AndroidManifest.xml:24:9-32:20
102            android:name="androidx.startup.InitializationProvider"
102-->[androidx.emoji2:emoji2:1.2.0] AndroidManifest.xml:25:13-67
103            android:authorities="com.ead.fuelmart.androidx-startup"
103-->[androidx.emoji2:emoji2:1.2.0] AndroidManifest.xml:26:13-68
104            android:exported="false" >
104-->[androidx.emoji2:emoji2:1.2.0] AndroidManifest.xml:27:13-37
105            <meta-data
105-->[androidx.emoji2:emoji2:1.2.0] AndroidManifest.xml:29:13-31:52
106                android:name="androidx.emoji2.text.EmojiCompatInitializer"
106-->[androidx.emoji2:emoji2:1.2.0] AndroidManifest.xml:30:17-75
107                android:value="androidx.startup" />
107-->[androidx.emoji2:emoji2:1.2.0] AndroidManifest.xml:31:17-49
108            <meta-data
108-->[androidx.lifecycle:lifecycle-process:2.4.1] AndroidManifest.xml:31:13-33:52
109                android:name="androidx.lifecycle.ProcessLifecycleInitializer"
109-->[androidx.lifecycle:lifecycle-process:2.4.1] AndroidManifest.xml:32:17-78
110                android:value="androidx.startup" />
110-->[androidx.lifecycle:lifecycle-process:2.4.1] AndroidManifest.xml:33:17-49
111        </provider>
112
113        <uses-library
113-->[androidx.window:window:1.0.0] AndroidManifest.xml:25:9-27:40
114            android:name="androidx.window.extensions"
114-->[androidx.window:window:1.0.0] AndroidManifest.xml:26:13-54
115            android:required="false" />
115-->[androidx.window:window:1.0.0] AndroidManifest.xml:27:13-37
116        <uses-library
116-->[androidx.window:window:1.0.0] AndroidManifest.xml:28:9-30:40
117            android:name="androidx.window.sidecar"
117-->[androidx.window:window:1.0.0] AndroidManifest.xml:29:13-51
118            android:required="false" />
118-->[androidx.window:window:1.0.0] AndroidManifest.xml:30:13-37
119    </application>
120
121</manifest>